====================================
Types potentially sent from browser:
====================================

Reachable types computed on: Tue Jun 25 12:13:19 GMT+04:00 2013
E
   Serialization status
      Not serializable
   Path
      'E' is reachable from field 'exposeElement' of type 'java.util.HashSet<E>'
      'java.util.HashSet<ru.vrn.rusap.shared.model.AccessFor1CDetail>' is reachable as a supertype of type 'class java.util.LinkedHashSet<ru.vrn.rusap.shared.model.AccessFor1CDetail>'
      'java.util.LinkedHashSet<ru.vrn.rusap.shared.model.AccessFor1CDetail>' is reachable as a subtype of type 'interface java.util.Set<ru.vrn.rusap.shared.model.AccessFor1CDetail>'
      'java.util.Set<ru.vrn.rusap.shared.model.AccessFor1CDetail>' is reachable from field 'accessFor1CDetail' of type 'ru.vrn.rusap.shared.model.AccessFor1C'
      'ru.vrn.rusap.shared.model.AccessFor1C' is reachable as a subtype of type 'class ru.vrn.rusap.shared.model.AccessFor1C'
      'ru.vrn.rusap.shared.model.AccessFor1C' is reachable from field 'accessFor1C' of type 'ru.vrn.rusap.shared.model.AccessFor1CDetail'
      'ru.vrn.rusap.shared.model.AccessFor1CDetail' is reachable as a subtype of type 'class ru.vrn.rusap.shared.model.AccessFor1CDetail'
      'ru.vrn.rusap.shared.model.AccessFor1CDetail' is reachable from type argument 0 of type 'java.util.TreeSet<E>'
      'java.util.TreeSet<ru.vrn.rusap.shared.model.AccessFor1CDetail>' is reachable as a subtype of type 'interface java.util.Set<ru.vrn.rusap.shared.model.AccessFor1CDetail>'
      'java.util.Set<ru.vrn.rusap.shared.model.AccessFor1CDetail>' is reachable from field 'accessFor1CDetail' of type 'ru.vrn.rusap.shared.model.ListOfMonitoring'
      'ru.vrn.rusap.shared.model.ListOfMonitoring' is reachable as a subtype of type 'class ru.vrn.rusap.shared.model.ListOfMonitoring'
      Started from 'ru.vrn.rusap.shared.model.ListOfMonitoring'

E
   Serialization status
      Not serializable
   Path
      'E' is reachable from type argument 0 of type 'java.util.TreeMap<K, V>'
      'java.util.TreeMap<E, java.lang.Boolean>' is reachable as a subtype of type 'interface java.util.SortedMap<E, java.lang.Boolean>'
      'java.util.SortedMap<E, java.lang.Boolean>' is reachable from field 'map' of type 'java.util.TreeSet<E>'
      'java.util.TreeSet<ru.vrn.rusap.shared.model.AccessFor1CDetail>' is reachable as a subtype of type 'interface java.util.Set<ru.vrn.rusap.shared.model.AccessFor1CDetail>'
      'java.util.Set<ru.vrn.rusap.shared.model.AccessFor1CDetail>' is reachable from field 'accessFor1CDetail' of type 'ru.vrn.rusap.shared.model.ListOfMonitoring'
      'ru.vrn.rusap.shared.model.ListOfMonitoring' is reachable as a subtype of type 'class ru.vrn.rusap.shared.model.ListOfMonitoring'
      Started from 'ru.vrn.rusap.shared.model.ListOfMonitoring'

K
   Serialization status
      Not serializable
   Path
      'K' is reachable from field 'exposeKeyType' of type 'java.util.TreeMap<K, V>'
      'java.util.TreeMap<E, java.lang.Boolean>' is reachable as a subtype of type 'interface java.util.SortedMap<E, java.lang.Boolean>'
      'java.util.SortedMap<E, java.lang.Boolean>' is reachable from field 'map' of type 'java.util.TreeSet<E>'
      'java.util.TreeSet<ru.vrn.rusap.shared.model.AccessFor1CDetail>' is reachable as a subtype of type 'interface java.util.Set<ru.vrn.rusap.shared.model.AccessFor1CDetail>'
      'java.util.Set<ru.vrn.rusap.shared.model.AccessFor1CDetail>' is reachable from field 'accessFor1CDetail' of type 'ru.vrn.rusap.shared.model.ListOfMonitoring'
      'ru.vrn.rusap.shared.model.ListOfMonitoring' is reachable as a subtype of type 'class ru.vrn.rusap.shared.model.ListOfMonitoring'
      Started from 'ru.vrn.rusap.shared.model.ListOfMonitoring'

V
   Serialization status
      Not serializable
   Path
      'V' is reachable from field 'exposeValueType' of type 'java.util.TreeMap<K, V>'
      'java.util.TreeMap<E, java.lang.Boolean>' is reachable as a subtype of type 'interface java.util.SortedMap<E, java.lang.Boolean>'
      'java.util.SortedMap<E, java.lang.Boolean>' is reachable from field 'map' of type 'java.util.TreeSet<E>'
      'java.util.TreeSet<ru.vrn.rusap.shared.model.AccessFor1CDetail>' is reachable as a subtype of type 'interface java.util.Set<ru.vrn.rusap.shared.model.AccessFor1CDetail>'
      'java.util.Set<ru.vrn.rusap.shared.model.AccessFor1CDetail>' is reachable from field 'accessFor1CDetail' of type 'ru.vrn.rusap.shared.model.ListOfMonitoring'
      'ru.vrn.rusap.shared.model.ListOfMonitoring' is reachable as a subtype of type 'class ru.vrn.rusap.shared.model.ListOfMonitoring'
      Started from 'ru.vrn.rusap.shared.model.ListOfMonitoring'

boolean
   Serialization status
      Not serializable
   Path
      'boolean' is reachable from field 'sqlActive' of type 'ru.vrn.rusap.shared.model.ListOfMonitoring'
      'ru.vrn.rusap.shared.model.ListOfMonitoring' is reachable as a subtype of type 'class ru.vrn.rusap.shared.model.ListOfMonitoring'
      Started from 'ru.vrn.rusap.shared.model.ListOfMonitoring'

com.google.gwt.core.client.JavaScriptObject
   Serialization status
      Not serializable
   Path
      'com.google.gwt.core.client.JavaScriptObject' is reachable from field 'jsdate' of type 'java.util.Date'
      'java.util.Date' is reachable as a supertype of type 'class java.sql.Timestamp'
      'java.sql.Timestamp' is reachable as a subtype of type 'class java.sql.Timestamp'
      'java.sql.Timestamp' is reachable from field 'DateLastModification' of type 'ru.vrn.rusap.shared.transfer.ListOfMonitoringTransfer'
      'ru.vrn.rusap.shared.transfer.ListOfMonitoringTransfer' is reachable as a subtype of type 'class ru.vrn.rusap.shared.transfer.ListOfMonitoringTransfer'
      Started from 'ru.vrn.rusap.shared.transfer.ListOfMonitoringTransfer'

com.google.gwt.user.client.rpc.IncompatibleRemoteServiceException
   Serialization status
      Instantiable
   Path
      Started from 'com.google.gwt.user.client.rpc.IncompatibleRemoteServiceException'

int
   Serialization status
      Not serializable
   Path
      'int' is reachable from field 'size' of type 'java.util.TreeMap<K, V>'
      'java.util.TreeMap<E, java.lang.Boolean>' is reachable as a subtype of type 'interface java.util.SortedMap<E, java.lang.Boolean>'
      'java.util.SortedMap<E, java.lang.Boolean>' is reachable from field 'map' of type 'java.util.TreeSet<E>'
      'java.util.TreeSet<ru.vrn.rusap.shared.model.AccessFor1CDetail>' is reachable as a subtype of type 'interface java.util.Set<ru.vrn.rusap.shared.model.AccessFor1CDetail>'
      'java.util.Set<ru.vrn.rusap.shared.model.AccessFor1CDetail>' is reachable from field 'accessFor1CDetail' of type 'ru.vrn.rusap.shared.model.ListOfMonitoring'
      'ru.vrn.rusap.shared.model.ListOfMonitoring' is reachable as a subtype of type 'class ru.vrn.rusap.shared.model.ListOfMonitoring'
      Started from 'ru.vrn.rusap.shared.model.ListOfMonitoring'

java.lang.Boolean
   Serialization status
      Instantiable
   Path
      'java.lang.Boolean' is reachable from type argument 1 of type 'java.util.TreeMap<K, V>'
      'java.util.TreeMap<E, java.lang.Boolean>' is reachable as a subtype of type 'interface java.util.SortedMap<E, java.lang.Boolean>'
      'java.util.SortedMap<E, java.lang.Boolean>' is reachable from field 'map' of type 'java.util.TreeSet<E>'
      'java.util.TreeSet<ru.vrn.rusap.shared.model.AccessFor1CDetail>' is reachable as a subtype of type 'interface java.util.Set<ru.vrn.rusap.shared.model.AccessFor1CDetail>'
      'java.util.Set<ru.vrn.rusap.shared.model.AccessFor1CDetail>' is reachable from field 'accessFor1CDetail' of type 'ru.vrn.rusap.shared.model.ListOfMonitoring'
      'ru.vrn.rusap.shared.model.ListOfMonitoring' is reachable as a subtype of type 'class ru.vrn.rusap.shared.model.ListOfMonitoring'
      Started from 'ru.vrn.rusap.shared.model.ListOfMonitoring'

java.lang.Exception
   Serialization status
      Field serializable
   Path
      'java.lang.Exception' is reachable as a supertype of type 'class java.lang.RuntimeException'
      'java.lang.RuntimeException' is reachable as a supertype of type 'class com.google.gwt.user.client.rpc.IncompatibleRemoteServiceException'
      'com.google.gwt.user.client.rpc.IncompatibleRemoteServiceException' is reachable as a subtype of type 'class com.google.gwt.user.client.rpc.IncompatibleRemoteServiceException'
      Started from 'com.google.gwt.user.client.rpc.IncompatibleRemoteServiceException'

java.lang.Long
   Serialization status
      Instantiable
   Path
      'java.lang.Long' is reachable from field 'id' of type 'ru.vrn.rusap.shared.transfer.ListOfMonitoringTransfer'
      'ru.vrn.rusap.shared.transfer.ListOfMonitoringTransfer' is reachable as a subtype of type 'class ru.vrn.rusap.shared.transfer.ListOfMonitoringTransfer'
      Started from 'ru.vrn.rusap.shared.transfer.ListOfMonitoringTransfer'

java.lang.Number
   Serialization status
      Field serializable
   Path
      'java.lang.Number' is reachable as a supertype of type 'class java.lang.Long'
      'java.lang.Long' is reachable as a subtype of type 'class java.lang.Long'
      'java.lang.Long' is reachable from field 'id' of type 'ru.vrn.rusap.shared.transfer.ListOfMonitoringTransfer'
      'ru.vrn.rusap.shared.transfer.ListOfMonitoringTransfer' is reachable as a subtype of type 'class ru.vrn.rusap.shared.transfer.ListOfMonitoringTransfer'
      Started from 'ru.vrn.rusap.shared.transfer.ListOfMonitoringTransfer'

java.lang.RuntimeException
   Serialization status
      Field serializable
   Path
      'java.lang.RuntimeException' is reachable as a supertype of type 'class com.google.gwt.user.client.rpc.IncompatibleRemoteServiceException'
      'com.google.gwt.user.client.rpc.IncompatibleRemoteServiceException' is reachable as a subtype of type 'class com.google.gwt.user.client.rpc.IncompatibleRemoteServiceException'
      Started from 'com.google.gwt.user.client.rpc.IncompatibleRemoteServiceException'

java.lang.String
   Serialization status
      Instantiable
   Path
      Started from 'java.lang.String'

java.lang.Throwable
   Serialization status
      Field serializable
   Path
      'java.lang.Throwable' is reachable as a supertype of type 'class java.lang.Exception'
      'java.lang.Exception' is reachable as a supertype of type 'class java.lang.RuntimeException'
      'java.lang.RuntimeException' is reachable as a supertype of type 'class com.google.gwt.user.client.rpc.IncompatibleRemoteServiceException'
      'com.google.gwt.user.client.rpc.IncompatibleRemoteServiceException' is reachable as a subtype of type 'class com.google.gwt.user.client.rpc.IncompatibleRemoteServiceException'
      Started from 'com.google.gwt.user.client.rpc.IncompatibleRemoteServiceException'

java.sql.Timestamp
   Serialization status
      Instantiable
   Path
      'java.sql.Timestamp' is reachable from field 'DateLastModification' of type 'ru.vrn.rusap.shared.transfer.ListOfMonitoringTransfer'
      'ru.vrn.rusap.shared.transfer.ListOfMonitoringTransfer' is reachable as a subtype of type 'class ru.vrn.rusap.shared.transfer.ListOfMonitoringTransfer'
      Started from 'ru.vrn.rusap.shared.transfer.ListOfMonitoringTransfer'

java.util.Comparator<? super K>
   Serialization status
      Not serializable
   Path
      'java.util.Comparator<? super K>' is reachable from field 'cmp' of type 'java.util.TreeMap<K, V>'
      'java.util.TreeMap<E, java.lang.Boolean>' is reachable as a subtype of type 'interface java.util.SortedMap<E, java.lang.Boolean>'
      'java.util.SortedMap<E, java.lang.Boolean>' is reachable from field 'map' of type 'java.util.TreeSet<E>'
      'java.util.TreeSet<ru.vrn.rusap.shared.model.AccessFor1CDetail>' is reachable as a subtype of type 'interface java.util.Set<ru.vrn.rusap.shared.model.AccessFor1CDetail>'
      'java.util.Set<ru.vrn.rusap.shared.model.AccessFor1CDetail>' is reachable from field 'accessFor1CDetail' of type 'ru.vrn.rusap.shared.model.ListOfMonitoring'
      'ru.vrn.rusap.shared.model.ListOfMonitoring' is reachable as a subtype of type 'class ru.vrn.rusap.shared.model.ListOfMonitoring'
      Started from 'ru.vrn.rusap.shared.model.ListOfMonitoring'

java.util.Date
   Serialization status
      Field serializable
   Path
      'java.util.Date' is reachable as a supertype of type 'class java.sql.Timestamp'
      'java.sql.Timestamp' is reachable as a subtype of type 'class java.sql.Timestamp'
      'java.sql.Timestamp' is reachable from field 'DateLastModification' of type 'ru.vrn.rusap.shared.transfer.ListOfMonitoringTransfer'
      'ru.vrn.rusap.shared.transfer.ListOfMonitoringTransfer' is reachable as a subtype of type 'class ru.vrn.rusap.shared.transfer.ListOfMonitoringTransfer'
      Started from 'ru.vrn.rusap.shared.transfer.ListOfMonitoringTransfer'

java.util.HashSet<ru.vrn.rusap.shared.model.AccessFor1CDetail>
   Serialization status
      Instantiable
   Path
      'java.util.HashSet<ru.vrn.rusap.shared.model.AccessFor1CDetail>' is reachable as a supertype of type 'class java.util.LinkedHashSet<ru.vrn.rusap.shared.model.AccessFor1CDetail>'
      'java.util.LinkedHashSet<ru.vrn.rusap.shared.model.AccessFor1CDetail>' is reachable as a subtype of type 'interface java.util.Set<ru.vrn.rusap.shared.model.AccessFor1CDetail>'
      'java.util.Set<ru.vrn.rusap.shared.model.AccessFor1CDetail>' is reachable from field 'accessFor1CDetail' of type 'ru.vrn.rusap.shared.model.AccessFor1C'
      'ru.vrn.rusap.shared.model.AccessFor1C' is reachable as a subtype of type 'class ru.vrn.rusap.shared.model.AccessFor1C'
      'ru.vrn.rusap.shared.model.AccessFor1C' is reachable from field 'accessFor1C' of type 'ru.vrn.rusap.shared.model.AccessFor1CDetail'
      'ru.vrn.rusap.shared.model.AccessFor1CDetail' is reachable as a subtype of type 'class ru.vrn.rusap.shared.model.AccessFor1CDetail'
      'ru.vrn.rusap.shared.model.AccessFor1CDetail' is reachable from type argument 0 of type 'java.util.TreeSet<E>'
      'java.util.TreeSet<ru.vrn.rusap.shared.model.AccessFor1CDetail>' is reachable as a subtype of type 'interface java.util.Set<ru.vrn.rusap.shared.model.AccessFor1CDetail>'
      'java.util.Set<ru.vrn.rusap.shared.model.AccessFor1CDetail>' is reachable from field 'accessFor1CDetail' of type 'ru.vrn.rusap.shared.model.ListOfMonitoring'
      'ru.vrn.rusap.shared.model.ListOfMonitoring' is reachable as a subtype of type 'class ru.vrn.rusap.shared.model.ListOfMonitoring'
      Started from 'ru.vrn.rusap.shared.model.ListOfMonitoring'

java.util.LinkedHashSet<ru.vrn.rusap.shared.model.AccessFor1CDetail>
   Serialization status
      Instantiable
   Path
      'java.util.LinkedHashSet<ru.vrn.rusap.shared.model.AccessFor1CDetail>' is reachable as a subtype of type 'interface java.util.Set<ru.vrn.rusap.shared.model.AccessFor1CDetail>'
      'java.util.Set<ru.vrn.rusap.shared.model.AccessFor1CDetail>' is reachable from field 'accessFor1CDetail' of type 'ru.vrn.rusap.shared.model.AccessFor1C'
      'ru.vrn.rusap.shared.model.AccessFor1C' is reachable as a subtype of type 'class ru.vrn.rusap.shared.model.AccessFor1C'
      'ru.vrn.rusap.shared.model.AccessFor1C' is reachable from field 'accessFor1C' of type 'ru.vrn.rusap.shared.model.AccessFor1CDetail'
      'ru.vrn.rusap.shared.model.AccessFor1CDetail' is reachable as a subtype of type 'class ru.vrn.rusap.shared.model.AccessFor1CDetail'
      'ru.vrn.rusap.shared.model.AccessFor1CDetail' is reachable from type argument 0 of type 'java.util.TreeSet<E>'
      'java.util.TreeSet<ru.vrn.rusap.shared.model.AccessFor1CDetail>' is reachable as a subtype of type 'interface java.util.Set<ru.vrn.rusap.shared.model.AccessFor1CDetail>'
      'java.util.Set<ru.vrn.rusap.shared.model.AccessFor1CDetail>' is reachable from field 'accessFor1CDetail' of type 'ru.vrn.rusap.shared.model.ListOfMonitoring'
      'ru.vrn.rusap.shared.model.ListOfMonitoring' is reachable as a subtype of type 'class ru.vrn.rusap.shared.model.ListOfMonitoring'
      Started from 'ru.vrn.rusap.shared.model.ListOfMonitoring'

java.util.Set<ru.vrn.rusap.shared.model.AccessFor1CDetail>
   Serialization status
      Not serializable
   Path
      'java.util.Set<ru.vrn.rusap.shared.model.AccessFor1CDetail>' is reachable from field 'accessFor1CDetail' of type 'ru.vrn.rusap.shared.model.ListOfMonitoring'
      'ru.vrn.rusap.shared.model.ListOfMonitoring' is reachable as a subtype of type 'class ru.vrn.rusap.shared.model.ListOfMonitoring'
      Started from 'ru.vrn.rusap.shared.model.ListOfMonitoring'

java.util.SortedMap<E, java.lang.Boolean>
   Serialization status
      Not serializable
   Path
      'java.util.SortedMap<E, java.lang.Boolean>' is reachable from field 'map' of type 'java.util.TreeSet<E>'
      'java.util.TreeSet<ru.vrn.rusap.shared.model.AccessFor1CDetail>' is reachable as a subtype of type 'interface java.util.Set<ru.vrn.rusap.shared.model.AccessFor1CDetail>'
      'java.util.Set<ru.vrn.rusap.shared.model.AccessFor1CDetail>' is reachable from field 'accessFor1CDetail' of type 'ru.vrn.rusap.shared.model.ListOfMonitoring'
      'ru.vrn.rusap.shared.model.ListOfMonitoring' is reachable as a subtype of type 'class ru.vrn.rusap.shared.model.ListOfMonitoring'
      Started from 'ru.vrn.rusap.shared.model.ListOfMonitoring'

java.util.TreeMap<E, java.lang.Boolean>
   Serialization status
      Instantiable
   Path
      'java.util.TreeMap<E, java.lang.Boolean>' is reachable as a subtype of type 'interface java.util.SortedMap<E, java.lang.Boolean>'
      'java.util.SortedMap<E, java.lang.Boolean>' is reachable from field 'map' of type 'java.util.TreeSet<E>'
      'java.util.TreeSet<ru.vrn.rusap.shared.model.AccessFor1CDetail>' is reachable as a subtype of type 'interface java.util.Set<ru.vrn.rusap.shared.model.AccessFor1CDetail>'
      'java.util.Set<ru.vrn.rusap.shared.model.AccessFor1CDetail>' is reachable from field 'accessFor1CDetail' of type 'ru.vrn.rusap.shared.model.ListOfMonitoring'
      'ru.vrn.rusap.shared.model.ListOfMonitoring' is reachable as a subtype of type 'class ru.vrn.rusap.shared.model.ListOfMonitoring'
      Started from 'ru.vrn.rusap.shared.model.ListOfMonitoring'

java.util.TreeSet<ru.vrn.rusap.shared.model.AccessFor1CDetail>
   Serialization status
      Instantiable
   Path
      'java.util.TreeSet<ru.vrn.rusap.shared.model.AccessFor1CDetail>' is reachable as a subtype of type 'interface java.util.Set<ru.vrn.rusap.shared.model.AccessFor1CDetail>'
      'java.util.Set<ru.vrn.rusap.shared.model.AccessFor1CDetail>' is reachable from field 'accessFor1CDetail' of type 'ru.vrn.rusap.shared.model.ListOfMonitoring'
      'ru.vrn.rusap.shared.model.ListOfMonitoring' is reachable as a subtype of type 'class ru.vrn.rusap.shared.model.ListOfMonitoring'
      Started from 'ru.vrn.rusap.shared.model.ListOfMonitoring'

ru.vrn.rusap.shared.model.AccessFor1C
   Serialization status
      Instantiable
   Path
      'ru.vrn.rusap.shared.model.AccessFor1C' is reachable from field 'accessFor1C' of type 'ru.vrn.rusap.shared.model.AccessFor1CDetail'
      'ru.vrn.rusap.shared.model.AccessFor1CDetail' is reachable as a subtype of type 'class ru.vrn.rusap.shared.model.AccessFor1CDetail'
      'ru.vrn.rusap.shared.model.AccessFor1CDetail' is reachable from type argument 0 of type 'java.util.TreeSet<E>'
      'java.util.TreeSet<ru.vrn.rusap.shared.model.AccessFor1CDetail>' is reachable as a subtype of type 'interface java.util.Set<ru.vrn.rusap.shared.model.AccessFor1CDetail>'
      'java.util.Set<ru.vrn.rusap.shared.model.AccessFor1CDetail>' is reachable from field 'accessFor1CDetail' of type 'ru.vrn.rusap.shared.model.ListOfMonitoring'
      'ru.vrn.rusap.shared.model.ListOfMonitoring' is reachable as a subtype of type 'class ru.vrn.rusap.shared.model.ListOfMonitoring'
      Started from 'ru.vrn.rusap.shared.model.ListOfMonitoring'

ru.vrn.rusap.shared.model.AccessFor1CDetail
   Serialization status
      Instantiable
   Path
      'ru.vrn.rusap.shared.model.AccessFor1CDetail' is reachable from type argument 0 of type 'java.util.TreeSet<E>'
      'java.util.TreeSet<ru.vrn.rusap.shared.model.AccessFor1CDetail>' is reachable as a subtype of type 'interface java.util.Set<ru.vrn.rusap.shared.model.AccessFor1CDetail>'
      'java.util.Set<ru.vrn.rusap.shared.model.AccessFor1CDetail>' is reachable from field 'accessFor1CDetail' of type 'ru.vrn.rusap.shared.model.ListOfMonitoring'
      'ru.vrn.rusap.shared.model.ListOfMonitoring' is reachable as a subtype of type 'class ru.vrn.rusap.shared.model.ListOfMonitoring'
      Started from 'ru.vrn.rusap.shared.model.ListOfMonitoring'

ru.vrn.rusap.shared.model.ListOfMonitoring
   Serialization status
      Instantiable
   Path
      Started from 'ru.vrn.rusap.shared.model.ListOfMonitoring'

ru.vrn.rusap.shared.model.User
   Serialization status
      Instantiable
   Path
      Started from 'ru.vrn.rusap.shared.model.User'

ru.vrn.rusap.shared.model.UsersAD
   Serialization status
      Instantiable
   Path
      'ru.vrn.rusap.shared.model.UsersAD' is reachable from field 'homeAddress' of type 'ru.vrn.rusap.shared.model.superclass.Access'
      'ru.vrn.rusap.shared.model.superclass.Access' is reachable as a supertype of type 'class ru.vrn.rusap.shared.model.AccessFor1C'
      'ru.vrn.rusap.shared.model.AccessFor1C' is reachable as a subtype of type 'class ru.vrn.rusap.shared.model.AccessFor1C'
      'ru.vrn.rusap.shared.model.AccessFor1C' is reachable from field 'accessFor1C' of type 'ru.vrn.rusap.shared.model.AccessFor1CDetail'
      'ru.vrn.rusap.shared.model.AccessFor1CDetail' is reachable as a subtype of type 'class ru.vrn.rusap.shared.model.AccessFor1CDetail'
      'ru.vrn.rusap.shared.model.AccessFor1CDetail' is reachable from type argument 0 of type 'java.util.TreeSet<E>'
      'java.util.TreeSet<ru.vrn.rusap.shared.model.AccessFor1CDetail>' is reachable as a subtype of type 'interface java.util.Set<ru.vrn.rusap.shared.model.AccessFor1CDetail>'
      'java.util.Set<ru.vrn.rusap.shared.model.AccessFor1CDetail>' is reachable from field 'accessFor1CDetail' of type 'ru.vrn.rusap.shared.model.ListOfMonitoring'
      'ru.vrn.rusap.shared.model.ListOfMonitoring' is reachable as a subtype of type 'class ru.vrn.rusap.shared.model.ListOfMonitoring'
      Started from 'ru.vrn.rusap.shared.model.ListOfMonitoring'

ru.vrn.rusap.shared.model.superclass.Access
   Serialization status
      Field serializable
   Path
      'ru.vrn.rusap.shared.model.superclass.Access' is reachable as a supertype of type 'class ru.vrn.rusap.shared.model.AccessFor1C'
      'ru.vrn.rusap.shared.model.AccessFor1C' is reachable as a subtype of type 'class ru.vrn.rusap.shared.model.AccessFor1C'
      'ru.vrn.rusap.shared.model.AccessFor1C' is reachable from field 'accessFor1C' of type 'ru.vrn.rusap.shared.model.AccessFor1CDetail'
      'ru.vrn.rusap.shared.model.AccessFor1CDetail' is reachable as a subtype of type 'class ru.vrn.rusap.shared.model.AccessFor1CDetail'
      'ru.vrn.rusap.shared.model.AccessFor1CDetail' is reachable from type argument 0 of type 'java.util.TreeSet<E>'
      'java.util.TreeSet<ru.vrn.rusap.shared.model.AccessFor1CDetail>' is reachable as a subtype of type 'interface java.util.Set<ru.vrn.rusap.shared.model.AccessFor1CDetail>'
      'java.util.Set<ru.vrn.rusap.shared.model.AccessFor1CDetail>' is reachable from field 'accessFor1CDetail' of type 'ru.vrn.rusap.shared.model.ListOfMonitoring'
      'ru.vrn.rusap.shared.model.ListOfMonitoring' is reachable as a subtype of type 'class ru.vrn.rusap.shared.model.ListOfMonitoring'
      Started from 'ru.vrn.rusap.shared.model.ListOfMonitoring'

ru.vrn.rusap.shared.transfer.ListOfMonitoringTransfer
   Serialization status
      Instantiable
   Path
      Started from 'ru.vrn.rusap.shared.transfer.ListOfMonitoringTransfer'

===================================
Types potentially sent from server:
===================================

Reachable types computed on: Tue Jun 25 12:13:19 GMT+04:00 2013
E
   Serialization status
      Not serializable
   Path
      'E' is reachable from field 'exposeElement' of type 'java.util.ArrayList<E>'
      'java.util.ArrayList<java.lang.String>' is reachable as a subtype of type 'interface java.util.List<java.lang.String>'
      Started from 'java.util.List<java.lang.String>'

E
   Serialization status
      Not serializable
   Path
      'E' is reachable from field 'exposeElement' of type 'java.util.LinkedList<E>'
      'java.util.LinkedList<java.lang.String>' is reachable as a subtype of type 'interface java.util.List<java.lang.String>'
      Started from 'java.util.List<java.lang.String>'

E
   Serialization status
      Not serializable
   Path
      'E' is reachable from field 'exposeElement' of type 'java.util.Vector<E>'
      'java.util.Vector<java.lang.String>' is reachable as a supertype of type 'class java.util.Stack<java.lang.String>'
      'java.util.Stack<java.lang.String>' is reachable as a subtype of type 'interface java.util.List<java.lang.String>'
      Started from 'java.util.List<java.lang.String>'

E[]
   Serialization status
      Not serializable
   Path
      'E[]' is reachable from field 'array' of type 'java.util.Arrays.ArrayList<E>'
      'java.util.Arrays.ArrayList<java.lang.String>' is reachable as a subtype of type 'interface java.util.List<java.lang.String>'
      Started from 'java.util.List<java.lang.String>'

boolean
   Serialization status
      Not serializable
   Path
      'boolean' is reachable from field 'sqlActive' of type 'ru.vrn.rusap.shared.transfer.ListOfMonitoringTransfer'
      'ru.vrn.rusap.shared.transfer.ListOfMonitoringTransfer' is reachable as a subtype of type 'class ru.vrn.rusap.shared.transfer.ListOfMonitoringTransfer'
      Started from 'ru.vrn.rusap.shared.transfer.ListOfMonitoringTransfer'

com.google.gwt.core.client.JavaScriptObject
   Serialization status
      Not serializable
   Path
      'com.google.gwt.core.client.JavaScriptObject' is reachable from field 'jsdate' of type 'java.util.Date'
      'java.util.Date' is reachable as a supertype of type 'class java.sql.Timestamp'
      'java.sql.Timestamp' is reachable as a subtype of type 'class java.sql.Timestamp'
      'java.sql.Timestamp' is reachable from field 'DateLastModification' of type 'ru.vrn.rusap.shared.transfer.ListOfMonitoringTransfer'
      'ru.vrn.rusap.shared.transfer.ListOfMonitoringTransfer' is reachable as a subtype of type 'class ru.vrn.rusap.shared.transfer.ListOfMonitoringTransfer'
      Started from 'ru.vrn.rusap.shared.transfer.ListOfMonitoringTransfer'

com.google.gwt.user.client.rpc.IncompatibleRemoteServiceException
   Serialization status
      Instantiable
   Path
      Started from 'com.google.gwt.user.client.rpc.IncompatibleRemoteServiceException'

int
   Serialization status
      Not serializable
   Path
      'int' is reachable from field 'nanos' of type 'java.sql.Timestamp'
      'java.sql.Timestamp' is reachable as a subtype of type 'class java.sql.Timestamp'
      'java.sql.Timestamp' is reachable from field 'DateLastModification' of type 'ru.vrn.rusap.shared.transfer.ListOfMonitoringTransfer'
      'ru.vrn.rusap.shared.transfer.ListOfMonitoringTransfer' is reachable as a subtype of type 'class ru.vrn.rusap.shared.transfer.ListOfMonitoringTransfer'
      Started from 'ru.vrn.rusap.shared.transfer.ListOfMonitoringTransfer'

java.lang.Exception
   Serialization status
      Field serializable
   Path
      'java.lang.Exception' is reachable as a supertype of type 'class java.lang.RuntimeException'
      'java.lang.RuntimeException' is reachable as a supertype of type 'class com.google.gwt.user.client.rpc.IncompatibleRemoteServiceException'
      'com.google.gwt.user.client.rpc.IncompatibleRemoteServiceException' is reachable as a subtype of type 'class com.google.gwt.user.client.rpc.IncompatibleRemoteServiceException'
      Started from 'com.google.gwt.user.client.rpc.IncompatibleRemoteServiceException'

java.lang.IllegalArgumentException
   Serialization status
      Instantiable
   Path
      Started from 'java.lang.IllegalArgumentException'

java.lang.Long
   Serialization status
      Instantiable
   Path
      'java.lang.Long' is reachable from field 'id' of type 'ru.vrn.rusap.shared.transfer.ListOfMonitoringTransfer'
      'ru.vrn.rusap.shared.transfer.ListOfMonitoringTransfer' is reachable as a subtype of type 'class ru.vrn.rusap.shared.transfer.ListOfMonitoringTransfer'
      Started from 'ru.vrn.rusap.shared.transfer.ListOfMonitoringTransfer'

java.lang.Number
   Serialization status
      Field serializable
   Path
      'java.lang.Number' is reachable as a supertype of type 'class java.lang.Long'
      'java.lang.Long' is reachable as a subtype of type 'class java.lang.Long'
      'java.lang.Long' is reachable from field 'id' of type 'ru.vrn.rusap.shared.transfer.ListOfMonitoringTransfer'
      'ru.vrn.rusap.shared.transfer.ListOfMonitoringTransfer' is reachable as a subtype of type 'class ru.vrn.rusap.shared.transfer.ListOfMonitoringTransfer'
      Started from 'ru.vrn.rusap.shared.transfer.ListOfMonitoringTransfer'

java.lang.NumberFormatException
   Serialization status
      Instantiable
   Path
      'java.lang.NumberFormatException' is reachable as a subtype of type 'class java.lang.IllegalArgumentException'
      Started from 'java.lang.IllegalArgumentException'

java.lang.RuntimeException
   Serialization status
      Field serializable
   Path
      'java.lang.RuntimeException' is reachable as a supertype of type 'class com.google.gwt.user.client.rpc.IncompatibleRemoteServiceException'
      'com.google.gwt.user.client.rpc.IncompatibleRemoteServiceException' is reachable as a subtype of type 'class com.google.gwt.user.client.rpc.IncompatibleRemoteServiceException'
      Started from 'com.google.gwt.user.client.rpc.IncompatibleRemoteServiceException'

java.lang.String
   Serialization status
      Instantiable
   Path
      Started from 'java.lang.String'

java.lang.String[]
   Serialization status
      Instantiable
   Path
      'java.lang.String' is reachable from type argument 0 of type 'java.util.Arrays.ArrayList<E>'
      'java.util.Arrays.ArrayList<java.lang.String>' is reachable as a subtype of type 'interface java.util.List<java.lang.String>'
      Started from 'java.util.List<java.lang.String>'

java.lang.Throwable
   Serialization status
      Field serializable
   Path
      'java.lang.Throwable' is reachable as a supertype of type 'class java.lang.Exception'
      'java.lang.Exception' is reachable as a supertype of type 'class java.lang.RuntimeException'
      'java.lang.RuntimeException' is reachable as a supertype of type 'class com.google.gwt.user.client.rpc.IncompatibleRemoteServiceException'
      'com.google.gwt.user.client.rpc.IncompatibleRemoteServiceException' is reachable as a subtype of type 'class com.google.gwt.user.client.rpc.IncompatibleRemoteServiceException'
      Started from 'com.google.gwt.user.client.rpc.IncompatibleRemoteServiceException'

java.sql.Timestamp
   Serialization status
      Instantiable
   Path
      'java.sql.Timestamp' is reachable from field 'DateLastModification' of type 'ru.vrn.rusap.shared.transfer.ListOfMonitoringTransfer'
      'ru.vrn.rusap.shared.transfer.ListOfMonitoringTransfer' is reachable as a subtype of type 'class ru.vrn.rusap.shared.transfer.ListOfMonitoringTransfer'
      Started from 'ru.vrn.rusap.shared.transfer.ListOfMonitoringTransfer'

java.util.ArrayList<ru.vrn.rusap.shared.model.UsersAD>
   Serialization status
      Instantiable
   Path
      'java.util.ArrayList<ru.vrn.rusap.shared.model.UsersAD>' is reachable as a subtype of type 'interface java.util.List<ru.vrn.rusap.shared.model.UsersAD>'
      Started from 'java.util.List<ru.vrn.rusap.shared.model.UsersAD>'

java.util.ArrayList<java.lang.String>
   Serialization status
      Instantiable
   Path
      'java.util.ArrayList<java.lang.String>' is reachable as a subtype of type 'interface java.util.List<java.lang.String>'
      Started from 'java.util.List<java.lang.String>'

java.util.Arrays.ArrayList<ru.vrn.rusap.shared.model.UsersAD>
   Serialization status
      Instantiable
   Path
      'java.util.Arrays.ArrayList<ru.vrn.rusap.shared.model.UsersAD>' is reachable as a subtype of type 'interface java.util.List<ru.vrn.rusap.shared.model.UsersAD>'
      Started from 'java.util.List<ru.vrn.rusap.shared.model.UsersAD>'

java.util.Arrays.ArrayList<java.lang.String>
   Serialization status
      Instantiable
   Path
      'java.util.Arrays.ArrayList<java.lang.String>' is reachable as a subtype of type 'interface java.util.List<java.lang.String>'
      Started from 'java.util.List<java.lang.String>'

java.util.Date
   Serialization status
      Field serializable
   Path
      'java.util.Date' is reachable as a supertype of type 'class java.sql.Timestamp'
      'java.sql.Timestamp' is reachable as a subtype of type 'class java.sql.Timestamp'
      'java.sql.Timestamp' is reachable from field 'DateLastModification' of type 'ru.vrn.rusap.shared.transfer.ListOfMonitoringTransfer'
      'ru.vrn.rusap.shared.transfer.ListOfMonitoringTransfer' is reachable as a subtype of type 'class ru.vrn.rusap.shared.transfer.ListOfMonitoringTransfer'
      Started from 'ru.vrn.rusap.shared.transfer.ListOfMonitoringTransfer'

java.util.LinkedList<java.lang.String>
   Serialization status
      Instantiable
   Path
      'java.util.LinkedList<java.lang.String>' is reachable as a subtype of type 'interface java.util.List<java.lang.String>'
      Started from 'java.util.List<java.lang.String>'

java.util.LinkedList<ru.vrn.rusap.shared.model.UsersAD>
   Serialization status
      Instantiable
   Path
      'java.util.LinkedList<ru.vrn.rusap.shared.model.UsersAD>' is reachable as a subtype of type 'interface java.util.List<ru.vrn.rusap.shared.model.UsersAD>'
      Started from 'java.util.List<ru.vrn.rusap.shared.model.UsersAD>'

java.util.LinkedList.Node<E>
   Serialization status
      Not serializable
   Path
      'java.util.LinkedList.Node<E>' is reachable from field 'header' of type 'java.util.LinkedList<E>'
      'java.util.LinkedList<java.lang.String>' is reachable as a subtype of type 'interface java.util.List<java.lang.String>'
      Started from 'java.util.List<java.lang.String>'

java.util.List<java.lang.String>
   Serialization status
      Not serializable
   Path
      Started from 'java.util.List<java.lang.String>'

java.util.List<ru.vrn.rusap.shared.model.UsersAD>
   Serialization status
      Not serializable
   Path
      Started from 'java.util.List<ru.vrn.rusap.shared.model.UsersAD>'

java.util.Stack<java.lang.String>
   Serialization status
      Instantiable
   Path
      'java.util.Stack<java.lang.String>' is reachable as a subtype of type 'interface java.util.List<java.lang.String>'
      Started from 'java.util.List<java.lang.String>'

java.util.Stack<ru.vrn.rusap.shared.model.UsersAD>
   Serialization status
      Instantiable
   Path
      'java.util.Stack<ru.vrn.rusap.shared.model.UsersAD>' is reachable as a subtype of type 'interface java.util.List<ru.vrn.rusap.shared.model.UsersAD>'
      Started from 'java.util.List<ru.vrn.rusap.shared.model.UsersAD>'

java.util.Vector<ru.vrn.rusap.shared.model.UsersAD>
   Serialization status
      Instantiable
   Path
      'java.util.Vector<ru.vrn.rusap.shared.model.UsersAD>' is reachable as a supertype of type 'class java.util.Stack<ru.vrn.rusap.shared.model.UsersAD>'
      'java.util.Stack<ru.vrn.rusap.shared.model.UsersAD>' is reachable as a subtype of type 'interface java.util.List<ru.vrn.rusap.shared.model.UsersAD>'
      Started from 'java.util.List<ru.vrn.rusap.shared.model.UsersAD>'

java.util.Vector<java.lang.String>
   Serialization status
      Instantiable
   Path
      'java.util.Vector<java.lang.String>' is reachable as a supertype of type 'class java.util.Stack<java.lang.String>'
      'java.util.Stack<java.lang.String>' is reachable as a subtype of type 'interface java.util.List<java.lang.String>'
      Started from 'java.util.List<java.lang.String>'

ru.vrn.rusap.shared.model.UsersAD
   Serialization status
      Instantiable
   Path
      Type 'ru.vrn.rusap.shared.model.UsersAD' is reachable from array type 'ru.vrn.rusap.shared.model.UsersAD[]'
      'ru.vrn.rusap.shared.model.UsersAD' is reachable from type argument 0 of type 'java.util.Arrays.ArrayList<E>'
      'java.util.Arrays.ArrayList<ru.vrn.rusap.shared.model.UsersAD>' is reachable as a subtype of type 'interface java.util.List<ru.vrn.rusap.shared.model.UsersAD>'
      Started from 'java.util.List<ru.vrn.rusap.shared.model.UsersAD>'

ru.vrn.rusap.shared.model.UsersAD[]
   Serialization status
      Instantiable
   Path
      'ru.vrn.rusap.shared.model.UsersAD' is reachable from type argument 0 of type 'java.util.Arrays.ArrayList<E>'
      'java.util.Arrays.ArrayList<ru.vrn.rusap.shared.model.UsersAD>' is reachable as a subtype of type 'interface java.util.List<ru.vrn.rusap.shared.model.UsersAD>'
      Started from 'java.util.List<ru.vrn.rusap.shared.model.UsersAD>'

ru.vrn.rusap.shared.transfer.ListOfMonitoringTransfer
   Serialization status
      Instantiable
   Path
      Started from 'ru.vrn.rusap.shared.transfer.ListOfMonitoringTransfer'

